[debug] [2023-02-15T19:38:27.044Z] ----------------------------------------------------------------------
[debug] [2023-02-15T19:38:27.045Z] Command:       /usr/local/bin/node /usr/local/bin/firebase init
[debug] [2023-02-15T19:38:27.045Z] CLI Version:   11.19.0
[debug] [2023-02-15T19:38:27.045Z] Platform:      darwin
[debug] [2023-02-15T19:38:27.045Z] Node Version:  v16.17.0
[debug] [2023-02-15T19:38:27.048Z] Time:          Wed Feb 15 2023 20:38:27 GMT+0100 (Central European Standard Time)
[debug] [2023-02-15T19:38:27.048Z] ----------------------------------------------------------------------
[debug] 
[debug] [2023-02-15T19:38:27.050Z] >>> [apiv2][query] GET https://firebase-public.firebaseio.com/cli.json [none]
[debug] [2023-02-15T19:38:27.060Z] > command requires scopes: ["email","openid","https://www.googleapis.com/auth/cloudplatformprojects.readonly","https://www.googleapis.com/auth/firebase","https://www.googleapis.com/auth/cloud-platform"]
[debug] [2023-02-15T19:38:27.060Z] > authorizing via signed-in user (anders.rodem@gmail.com)
[info] 
     ######## #### ########  ######## ########     ###     ######  ########
     ##        ##  ##     ## ##       ##     ##  ##   ##  ##       ##
     ######    ##  ########  ######   ########  #########  ######  ######
     ##        ##  ##    ##  ##       ##     ## ##     ##       ## ##
     ##       #### ##     ## ######## ########  ##     ##  ######  ########

You're about to initialize a Firebase project in this directory:

  /Users/andersrodem/Documents/NTNU/PU/Progging/strev

[debug] [2023-02-15T19:38:27.433Z] <<< [apiv2][status] GET https://firebase-public.firebaseio.com/cli.json 200
[debug] [2023-02-15T19:38:27.434Z] <<< [apiv2][body] GET https://firebase-public.firebaseio.com/cli.json {"cloudBuildErrorAfter":1594252800000,"cloudBuildWarnAfter":1590019200000,"defaultNode10After":1594252800000,"minVersion":"3.0.5","node8DeploysDisabledAfter":1613390400000,"node8RuntimeDisabledAfter":1615809600000,"node8WarnAfter":1600128000000}
